<!DOCTYPE html PUBLIC "-//W3C//DTD XHTML 1.1//EN" "https://www.w3.org/TR/xhtml11/DTD/xhtml11.dtd">
<html xmlns="https://www.w3.org/1999/xhtml">
<head>
<meta http-equiv="content-type" content="text/html; charset=UTF-8"/>
<title>TestNG Report</title>
<style type="text/css">table {margin-bottom:10px;border-collapse:collapse;empty-cells:show}th,td {border:1px solid #009;padding:.25em .5em}th {vertical-align:bottom}td {vertical-align:top}table a {font-weight:bold}.stripe td {background-color: #E6EBF9}.num {text-align:right}.passedodd td {background-color: #3F3}.passedeven td {background-color: #0A0}.skippedodd td {background-color: #DDD}.skippedeven td {background-color: #CCC}.failedodd td,.attn {background-color: #F33}.failedeven td,.stripe .attn {background-color: #D00}.stacktrace {white-space:pre;font-family:monospace}.totop {font-size:85%;text-align:center;border-bottom:2px solid #000}.invisible {display:none}</style>
</head>
<body>
<table>
<tr><th>Test</th><th># Passed</th><th># Skipped</th><th># Retried</th><th># Failed</th><th>Time (ms)</th><th>Included Groups</th><th>Excluded Groups</th></tr>
<tr><th colspan="8">Suite</th></tr>
<tr><td><a href="#t0">Test</a></td><td class="num">16</td><td class="num">0</td><td class="num">0</td><td class="num attn">5</td><td class="num">321,111</td><td></td><td></td></tr>
</table>
<table id='summary'><thead><tr><th>Class</th><th>Method</th><th>Start</th><th>Time (ms)</th></tr></thead><tbody><tr><th colspan="4">Suite</th></tr></tbody><tbody id="t0"><tr><th colspan="4">Test &#8212; failed</th></tr><tr class="failedeven"><td rowspan="5">testCases.TS_06_AddOnPage</td><td><a href="#m0">Add_Button_Validation</a></td><td rowspan="1">1753808342316</td><td rowspan="1">10144</td></tr><tr class="failedeven"><td><a href="#m1">Addon_Price_Validation</a></td><td rowspan="1">1753808352482</td><td rowspan="1">4</td></tr><tr class="failedeven"><td><a href="#m2">Cart_Updation_Validation</a></td><td rowspan="1">1753808352500</td><td rowspan="1">1</td></tr><tr class="failedeven"><td><a href="#m3">Conitune_Button_Validation</a></td><td rowspan="1">1753808352495</td><td rowspan="1">1</td></tr><tr class="failedeven"><td><a href="#m4">Total_Price_Validation</a></td><td rowspan="1">1753808352490</td><td rowspan="1">2</td></tr><tr><th colspan="4">Test &#8212; passed</th></tr><tr class="passedeven"><td rowspan="4">testCases.TS_01_HomePage</td><td><a href="#m5">MenuVAlidation</a></td><td rowspan="1">1753808101157</td><td rowspan="1">207359</td></tr><tr class="passedeven"><td><a href="#m6">popup</a></td><td rowspan="1">1753808098081</td><td rowspan="1">455</td></tr><tr class="passedeven"><td><a href="#m7">titleValidation</a></td><td rowspan="1">1753808099430</td><td rowspan="1">24</td></tr><tr class="passedeven"><td><a href="#m8">verifyPageLoadsSuccessfully</a></td><td rowspan="1">1753808100225</td><td rowspan="1">177</td></tr><tr class="passedodd"><td rowspan="1">testCases.TS_02_SearchPage</td><td><a href="#m9">searching</a></td><td rowspan="1">1753808309232</td><td rowspan="1">4793</td></tr><tr class="passedeven"><td rowspan="2">testCases.TS_03_Sorting</td><td><a href="#m10">apply_filters</a></td><td rowspan="1">1753808314707</td><td rowspan="1">8616</td></tr><tr class="passedeven"><td><a href="#m11">isSorted</a></td><td rowspan="1">1753808324200</td><td rowspan="1">1643</td></tr><tr class="passedodd"><td rowspan="1">testCases.TS_04_ProductSelectionPage</td><td><a href="#m12">Selection_of_Product</a></td><td rowspan="1">1753808326498</td><td rowspan="1">5597</td></tr><tr class="passedeven"><td rowspan="8">testCases.TS_05_AddToCartPage</td><td><a href="#m13">AddToCartSeection</a></td><td rowspan="1">1753808341193</td><td rowspan="1">545</td></tr><tr class="passedeven"><td><a href="#m14">Date_Selection</a></td><td rowspan="1">1753808335399</td><td rowspan="1">3318</td></tr><tr class="passedeven"><td><a href="#m15">PersonalizedText_Selection</a></td><td rowspan="1">1753808339833</td><td rowspan="1">270</td></tr><tr class="passedeven"><td><a href="#m16">Pincode_Selection</a></td><td rowspan="1">1753808334283</td><td rowspan="1">468</td></tr><tr class="passedeven"><td><a href="#m17">Product_Name_Validation</a></td><td rowspan="1">1753808332996</td><td rowspan="1">337</td></tr><tr class="passedeven"><td><a href="#m18">Product_PRICE_Validation</a></td><td rowspan="1">1753808333770</td><td rowspan="1">47</td></tr><tr class="passedeven"><td><a href="#m19">imageValidation</a></td><td rowspan="1">1753808340559</td><td rowspan="1">173</td></tr><tr class="passedeven"><td><a href="#m20">time_Selection</a></td><td rowspan="1">1753808339113</td><td rowspan="1">268</td></tr></tbody>
</table>
<h2>Test</h2><h3 id="m0">testCases.TS_06_AddOnPage#Add_Button_Validation</h3><table class="result"><tr><th>Exception</th></tr><tr><td><div class="stacktrace">org.openqa.selenium.NoSuchElementException: no such element: Unable to locate element: {&quot;method&quot;:&quot;xpath&quot;,&quot;selector&quot;:&quot;//div[@class=&apos;pt-8 sm:p-12&apos;]//div[normalize-space()=&apos;Ethereal Ram Darbar Rakhi &amp; Bracelet Combo&apos;]&quot;}
  (Session info: chrome=138.0.7204.169)
For documentation on this error, please visit: https://www.selenium.dev/documentation/webdriver/troubleshooting/errors#no-such-element-exception
Build info: version: &apos;4.15.0&apos;, revision: &apos;1d14b5521b&apos;
System info: os.name: &apos;Windows 11&apos;, os.arch: &apos;amd64&apos;, os.version: &apos;10.0&apos;, java.version: &apos;21.0.7&apos;
Driver info: org.openqa.selenium.chrome.ChromeDriver
Command: [39d3f9b6b019fc393b394994052613f9, findElement {using=xpath, value=//div[@class=&apos;pt-8 sm:p-12&apos;]//div[normalize-space()=&apos;Ethereal Ram Darbar Rakhi &amp; Bracelet Combo&apos;]}]
Capabilities {acceptInsecureCerts: false, browserName: chrome, browserVersion: 138.0.7204.169, chrome: {chromedriverVersion: 138.0.7204.168 (3e8d82e86e9..., userDataDir: C:\Users\anike\AppData\Loca...}, fedcm:accounts: true, goog:chromeOptions: {debuggerAddress: localhost:56208}, networkConnectionEnabled: false, pageLoadStrategy: normal, platformName: windows, proxy: Proxy(), se:cdp: ws://localhost:56208/devtoo..., se:cdpVersion: 138.0.7204.169, setWindowRect: true, strictFileInteractability: false, timeouts: {implicit: 0, pageLoad: 300000, script: 30000}, unhandledPromptBehavior: dismiss and notify, webauthn:extension:credBlob: true, webauthn:extension:largeBlob: true, webauthn:extension:minPinLength: true, webauthn:extension:prf: true, webauthn:virtualAuthenticators: true}
Session ID: 39d3f9b6b019fc393b394994052613f9
	at org.openqa.selenium.remote.codec.w3c.W3CHttpResponseCodec.createException(W3CHttpResponseCodec.java:200)
	at org.openqa.selenium.remote.codec.w3c.W3CHttpResponseCodec.decode(W3CHttpResponseCodec.java:133)
	at org.openqa.selenium.remote.codec.w3c.W3CHttpResponseCodec.decode(W3CHttpResponseCodec.java:52)
	at org.openqa.selenium.remote.HttpCommandExecutor.execute(HttpCommandExecutor.java:191)
	at org.openqa.selenium.remote.service.DriverCommandExecutor.invokeExecute(DriverCommandExecutor.java:200)
	at org.openqa.selenium.remote.service.DriverCommandExecutor.execute(DriverCommandExecutor.java:175)
	at org.openqa.selenium.remote.RemoteWebDriver.execute(RemoteWebDriver.java:607)
	at org.openqa.selenium.remote.ElementLocation$ElementFinder$2.findElement(ElementLocation.java:165)
	at org.openqa.selenium.remote.ElementLocation.findElement(ElementLocation.java:59)
	at org.openqa.selenium.remote.RemoteWebDriver.findElement(RemoteWebDriver.java:364)
	at org.openqa.selenium.remote.RemoteWebDriver.findElement(RemoteWebDriver.java:358)
	at org.openqa.selenium.support.pagefactory.DefaultElementLocator.findElement(DefaultElementLocator.java:68)
	at org.openqa.selenium.support.pagefactory.internal.LocatingElementHandler.invoke(LocatingElementHandler.java:38)
	at jdk.proxy2/jdk.proxy2.$Proxy14.getText(Unknown Source)
	at pageObjects.ProductSelection.&lt;init&gt;(ProductSelection.java:25)
	at pageObjects.AddToCartPage.&lt;init&gt;(AddToCartPage.java:15)
	at pageObjects.AddOnPage.&lt;init&gt;(AddOnPage.java:15)
	at testCases.TS_06_AddOnPage.Add_Button_Validation(TS_06_AddOnPage.java:14)
	at java.base/java.util.ArrayList.forEach(ArrayList.java:1596)
... Removed 28 stack frames</div></td></tr></table><p class="totop"><a href="#summary">back to summary</a></p>
<h3 id="m1">testCases.TS_06_AddOnPage#Addon_Price_Validation</h3><table class="result"><tr><th>Exception</th></tr><tr><td><div class="stacktrace">java.lang.NullPointerException: Cannot invoke &quot;pageObjects.AddOnPage.AddOnValidation()&quot; because &quot;this.ap&quot; is null
	at testCases.TS_06_AddOnPage.Addon_Price_Validation(TS_06_AddOnPage.java:21)
	at java.base/java.util.ArrayList.forEach(ArrayList.java:1596)
... Removed 25 stack frames</div></td></tr></table><p class="totop"><a href="#summary">back to summary</a></p>
<h3 id="m2">testCases.TS_06_AddOnPage#Cart_Updation_Validation</h3><table class="result"><tr><th>Exception</th></tr><tr><td><div class="stacktrace">java.lang.NullPointerException: Cannot invoke &quot;pageObjects.AddOnPage.updateingCart()&quot; because &quot;this.ap&quot; is null
	at testCases.TS_06_AddOnPage.Cart_Updation_Validation(TS_06_AddOnPage.java:39)
	at java.base/java.util.ArrayList.forEach(ArrayList.java:1596)
... Removed 25 stack frames</div></td></tr></table><p class="totop"><a href="#summary">back to summary</a></p>
<h3 id="m3">testCases.TS_06_AddOnPage#Conitune_Button_Validation</h3><table class="result"><tr><th>Exception</th></tr><tr><td><div class="stacktrace">java.lang.NullPointerException: Cannot invoke &quot;pageObjects.AddOnPage.btn_continue()&quot; because &quot;this.ap&quot; is null
	at testCases.TS_06_AddOnPage.Conitune_Button_Validation(TS_06_AddOnPage.java:33)
	at java.base/java.util.ArrayList.forEach(ArrayList.java:1596)
... Removed 25 stack frames</div></td></tr></table><p class="totop"><a href="#summary">back to summary</a></p>
<h3 id="m4">testCases.TS_06_AddOnPage#Total_Price_Validation</h3><table class="result"><tr><th>Exception</th></tr><tr><td><div class="stacktrace">java.lang.NullPointerException: Cannot invoke &quot;pageObjects.AddOnPage.totalValidation()&quot; because &quot;this.ap&quot; is null
	at testCases.TS_06_AddOnPage.Total_Price_Validation(TS_06_AddOnPage.java:27)
	at java.base/java.util.ArrayList.forEach(ArrayList.java:1596)
... Removed 25 stack frames</div></td></tr></table><p class="totop"><a href="#summary">back to summary</a></p>
<h3 id="m5">testCases.TS_01_HomePage#MenuVAlidation</h3><table class="result"><tr><th class="invisible"/></tr></table><p class="totop"><a href="#summary">back to summary</a></p>
<h3 id="m6">testCases.TS_01_HomePage#popup</h3><table class="result"><tr><th class="invisible"/></tr></table><p class="totop"><a href="#summary">back to summary</a></p>
<h3 id="m7">testCases.TS_01_HomePage#titleValidation</h3><table class="result"><tr><th class="invisible"/></tr></table><p class="totop"><a href="#summary">back to summary</a></p>
<h3 id="m8">testCases.TS_01_HomePage#verifyPageLoadsSuccessfully</h3><table class="result"><tr><th class="invisible"/></tr></table><p class="totop"><a href="#summary">back to summary</a></p>
<h3 id="m9">testCases.TS_02_SearchPage#searching</h3><table class="result"><tr><th class="invisible"/></tr></table><p class="totop"><a href="#summary">back to summary</a></p>
<h3 id="m10">testCases.TS_03_Sorting#apply_filters</h3><table class="result"><tr><th class="invisible"/></tr></table><p class="totop"><a href="#summary">back to summary</a></p>
<h3 id="m11">testCases.TS_03_Sorting#isSorted</h3><table class="result"><tr><th class="invisible"/></tr></table><p class="totop"><a href="#summary">back to summary</a></p>
<h3 id="m12">testCases.TS_04_ProductSelectionPage#Selection_of_Product</h3><table class="result"><tr><th class="invisible"/></tr></table><p class="totop"><a href="#summary">back to summary</a></p>
<h3 id="m13">testCases.TS_05_AddToCartPage#AddToCartSeection</h3><table class="result"><tr><th class="invisible"/></tr></table><p class="totop"><a href="#summary">back to summary</a></p>
<h3 id="m14">testCases.TS_05_AddToCartPage#Date_Selection</h3><table class="result"><tr><th class="invisible"/></tr></table><p class="totop"><a href="#summary">back to summary</a></p>
<h3 id="m15">testCases.TS_05_AddToCartPage#PersonalizedText_Selection</h3><table class="result"><tr><th class="invisible"/></tr></table><p class="totop"><a href="#summary">back to summary</a></p>
<h3 id="m16">testCases.TS_05_AddToCartPage#Pincode_Selection</h3><table class="result"><tr><th class="invisible"/></tr></table><p class="totop"><a href="#summary">back to summary</a></p>
<h3 id="m17">testCases.TS_05_AddToCartPage#Product_Name_Validation</h3><table class="result"><tr><th class="invisible"/></tr></table><p class="totop"><a href="#summary">back to summary</a></p>
<h3 id="m18">testCases.TS_05_AddToCartPage#Product_PRICE_Validation</h3><table class="result"><tr><th class="invisible"/></tr></table><p class="totop"><a href="#summary">back to summary</a></p>
<h3 id="m19">testCases.TS_05_AddToCartPage#imageValidation</h3><table class="result"><tr><th class="invisible"/></tr></table><p class="totop"><a href="#summary">back to summary</a></p>
<h3 id="m20">testCases.TS_05_AddToCartPage#time_Selection</h3><table class="result"><tr><th class="invisible"/></tr></table><p class="totop"><a href="#summary">back to summary</a></p>
</body>
</html>
