<?xml version="1.0" encoding="UTF-8"?>
<testng-results ignored="10" total="31" passed="16" failed="5" skipped="0">
  <reporter-output>
  </reporter-output>
  <suite started-at="2025-07-29T22:23:53 IST" name="Suite" finished-at="2025-07-29T22:29:14 IST" duration-ms="321111">
    <groups>
    </groups>
    <test started-at="2025-07-29T22:23:53 IST" name="Test" finished-at="2025-07-29T22:29:14 IST" duration-ms="321111">
      <class name="testCases.TS_05_AddToCartPage">
        <test-method signature="Product_Name_Validation()[pri:10, instance:testCases.TS_05_AddToCartPage@6356695f]" started-at="2025-07-29T22:28:52 IST" name="Product_Name_Validation" finished-at="2025-07-29T22:28:53 IST" duration-ms="337" status="PASS">
          <reporter-output>
          </reporter-output>
        </test-method> <!-- Product_Name_Validation -->
        <test-method signature="Product_PRICE_Validation()[pri:11, instance:testCases.TS_05_AddToCartPage@6356695f]" started-at="2025-07-29T22:28:53 IST" name="Product_PRICE_Validation" finished-at="2025-07-29T22:28:53 IST" duration-ms="47" status="PASS">
          <reporter-output>
          </reporter-output>
        </test-method> <!-- Product_PRICE_Validation -->
        <test-method signature="Pincode_Selection()[pri:12, instance:testCases.TS_05_AddToCartPage@6356695f]" started-at="2025-07-29T22:28:54 IST" name="Pincode_Selection" finished-at="2025-07-29T22:28:54 IST" duration-ms="468" status="PASS">
          <reporter-output>
          </reporter-output>
        </test-method> <!-- Pincode_Selection -->
        <test-method signature="Date_Selection()[pri:13, instance:testCases.TS_05_AddToCartPage@6356695f]" started-at="2025-07-29T22:28:55 IST" name="Date_Selection" finished-at="2025-07-29T22:28:58 IST" duration-ms="3318" status="PASS">
          <reporter-output>
          </reporter-output>
        </test-method> <!-- Date_Selection -->
        <test-method signature="time_Selection()[pri:14, instance:testCases.TS_05_AddToCartPage@6356695f]" started-at="2025-07-29T22:28:59 IST" name="time_Selection" finished-at="2025-07-29T22:28:59 IST" duration-ms="268" status="PASS">
          <reporter-output>
          </reporter-output>
        </test-method> <!-- time_Selection -->
        <test-method signature="PersonalizedText_Selection()[pri:15, instance:testCases.TS_05_AddToCartPage@6356695f]" started-at="2025-07-29T22:28:59 IST" name="PersonalizedText_Selection" finished-at="2025-07-29T22:29:00 IST" duration-ms="270" status="PASS">
          <reporter-output>
          </reporter-output>
        </test-method> <!-- PersonalizedText_Selection -->
        <test-method signature="imageValidation()[pri:16, instance:testCases.TS_05_AddToCartPage@6356695f]" started-at="2025-07-29T22:29:00 IST" name="imageValidation" finished-at="2025-07-29T22:29:00 IST" duration-ms="173" status="PASS">
          <reporter-output>
          </reporter-output>
        </test-method> <!-- imageValidation -->
        <test-method signature="AddToCartSeection()[pri:17, instance:testCases.TS_05_AddToCartPage@6356695f]" started-at="2025-07-29T22:29:01 IST" name="AddToCartSeection" finished-at="2025-07-29T22:29:01 IST" duration-ms="545" status="PASS">
          <reporter-output>
          </reporter-output>
        </test-method> <!-- AddToCartSeection -->
      </class> <!-- testCases.TS_05_AddToCartPage -->
      <class name="testCases.TS_03_Sorting">
        <test-method signature="apply_filters()[pri:7, instance:testCases.TS_03_Sorting@4567f35d]" started-at="2025-07-29T22:28:34 IST" name="apply_filters" finished-at="2025-07-29T22:28:43 IST" duration-ms="8616" status="PASS">
          <reporter-output>
          </reporter-output>
        </test-method> <!-- apply_filters -->
        <test-method signature="isSorted()[pri:8, instance:testCases.TS_03_Sorting@4567f35d]" started-at="2025-07-29T22:28:44 IST" name="isSorted" finished-at="2025-07-29T22:28:45 IST" duration-ms="1643" status="PASS">
          <reporter-output>
          </reporter-output>
        </test-method> <!-- isSorted -->
      </class> <!-- testCases.TS_03_Sorting -->
      <class name="testCases.TS_06_AddOnPage">
        <test-method signature="Add_Button_Validation()[pri:18, instance:testCases.TS_06_AddOnPage@4f18837a]" started-at="2025-07-29T22:29:02 IST" name="Add_Button_Validation" finished-at="2025-07-29T22:29:12 IST" duration-ms="10144" status="FAIL">
          <exception class="org.openqa.selenium.NoSuchElementException">
            <message>
              <![CDATA[no such element: Unable to locate element: {"method":"xpath","selector":"//div[@class='pt-8 sm:p-12']//div[normalize-space()='Ethereal Ram Darbar Rakhi & Bracelet Combo']"}
  (Session info: chrome=138.0.7204.169)
For documentation on this error, please visit: https://www.selenium.dev/documentation/webdriver/troubleshooting/errors#no-such-element-exception
Build info: version: '4.15.0', revision: '1d14b5521b'
System info: os.name: 'Windows 11', os.arch: 'amd64', os.version: '10.0', java.version: '21.0.7'
Driver info: org.openqa.selenium.chrome.ChromeDriver
Command: [39d3f9b6b019fc393b394994052613f9, findElement {using=xpath, value=//div[@class='pt-8 sm:p-12']//div[normalize-space()='Ethereal Ram Darbar Rakhi & Bracelet Combo']}]
Capabilities {acceptInsecureCerts: false, browserName: chrome, browserVersion: 138.0.7204.169, chrome: {chromedriverVersion: 138.0.7204.168 (3e8d82e86e9..., userDataDir: C:\Users\anike\AppData\Loca...}, fedcm:accounts: true, goog:chromeOptions: {debuggerAddress: localhost:56208}, networkConnectionEnabled: false, pageLoadStrategy: normal, platformName: windows, proxy: Proxy(), se:cdp: ws://localhost:56208/devtoo..., se:cdpVersion: 138.0.7204.169, setWindowRect: true, strictFileInteractability: false, timeouts: {implicit: 0, pageLoad: 300000, script: 30000}, unhandledPromptBehavior: dismiss and notify, webauthn:extension:credBlob: true, webauthn:extension:largeBlob: true, webauthn:extension:minPinLength: true, webauthn:extension:prf: true, webauthn:virtualAuthenticators: true}
Session ID: 39d3f9b6b019fc393b394994052613f9]]>
            </message>
            <full-stacktrace>
              <![CDATA[org.openqa.selenium.NoSuchElementException: no such element: Unable to locate element: {"method":"xpath","selector":"//div[@class='pt-8 sm:p-12']//div[normalize-space()='Ethereal Ram Darbar Rakhi & Bracelet Combo']"}
  (Session info: chrome=138.0.7204.169)
For documentation on this error, please visit: https://www.selenium.dev/documentation/webdriver/troubleshooting/errors#no-such-element-exception
Build info: version: '4.15.0', revision: '1d14b5521b'
System info: os.name: 'Windows 11', os.arch: 'amd64', os.version: '10.0', java.version: '21.0.7'
Driver info: org.openqa.selenium.chrome.ChromeDriver
Command: [39d3f9b6b019fc393b394994052613f9, findElement {using=xpath, value=//div[@class='pt-8 sm:p-12']//div[normalize-space()='Ethereal Ram Darbar Rakhi & Bracelet Combo']}]
Capabilities {acceptInsecureCerts: false, browserName: chrome, browserVersion: 138.0.7204.169, chrome: {chromedriverVersion: 138.0.7204.168 (3e8d82e86e9..., userDataDir: C:\Users\anike\AppData\Loca...}, fedcm:accounts: true, goog:chromeOptions: {debuggerAddress: localhost:56208}, networkConnectionEnabled: false, pageLoadStrategy: normal, platformName: windows, proxy: Proxy(), se:cdp: ws://localhost:56208/devtoo..., se:cdpVersion: 138.0.7204.169, setWindowRect: true, strictFileInteractability: false, timeouts: {implicit: 0, pageLoad: 300000, script: 30000}, unhandledPromptBehavior: dismiss and notify, webauthn:extension:credBlob: true, webauthn:extension:largeBlob: true, webauthn:extension:minPinLength: true, webauthn:extension:prf: true, webauthn:virtualAuthenticators: true}
Session ID: 39d3f9b6b019fc393b394994052613f9
at java.base/jdk.internal.reflect.DirectConstructorHandleAccessor.newInstance(DirectConstructorHandleAccessor.java:62)
at java.base/java.lang.reflect.Constructor.newInstanceWithCaller(Constructor.java:502)
at java.base/java.lang.reflect.Constructor.newInstance(Constructor.java:486)
at org.openqa.selenium.remote.codec.w3c.W3CHttpResponseCodec.createException(W3CHttpResponseCodec.java:200)
at org.openqa.selenium.remote.codec.w3c.W3CHttpResponseCodec.decode(W3CHttpResponseCodec.java:133)
at org.openqa.selenium.remote.codec.w3c.W3CHttpResponseCodec.decode(W3CHttpResponseCodec.java:52)
at org.openqa.selenium.remote.HttpCommandExecutor.execute(HttpCommandExecutor.java:191)
at org.openqa.selenium.remote.service.DriverCommandExecutor.invokeExecute(DriverCommandExecutor.java:200)
at org.openqa.selenium.remote.service.DriverCommandExecutor.execute(DriverCommandExecutor.java:175)
at org.openqa.selenium.remote.RemoteWebDriver.execute(RemoteWebDriver.java:607)
at org.openqa.selenium.remote.ElementLocation$ElementFinder$2.findElement(ElementLocation.java:165)
at org.openqa.selenium.remote.ElementLocation.findElement(ElementLocation.java:59)
at org.openqa.selenium.remote.RemoteWebDriver.findElement(RemoteWebDriver.java:364)
at org.openqa.selenium.remote.RemoteWebDriver.findElement(RemoteWebDriver.java:358)
at org.openqa.selenium.support.pagefactory.DefaultElementLocator.findElement(DefaultElementLocator.java:68)
at org.openqa.selenium.support.pagefactory.internal.LocatingElementHandler.invoke(LocatingElementHandler.java:38)
at jdk.proxy2/jdk.proxy2.$Proxy14.getText(Unknown Source)
at pageObjects.ProductSelection.<init>(ProductSelection.java:25)
at pageObjects.AddToCartPage.<init>(AddToCartPage.java:15)
at pageObjects.AddOnPage.<init>(AddOnPage.java:15)
at testCases.TS_06_AddOnPage.Add_Button_Validation(TS_06_AddOnPage.java:14)
at java.base/jdk.internal.reflect.DirectMethodHandleAccessor.invoke(DirectMethodHandleAccessor.java:103)
at java.base/java.lang.reflect.Method.invoke(Method.java:580)
at org.testng.internal.MethodInvocationHelper.invokeMethod(MethodInvocationHelper.java:133)
at org.testng.internal.TestInvoker.invokeMethod(TestInvoker.java:598)
at org.testng.internal.TestInvoker.invokeTestMethod(TestInvoker.java:173)
at org.testng.internal.MethodRunner.runInSequence(MethodRunner.java:46)
at org.testng.internal.TestInvoker$MethodInvocationAgent.invoke(TestInvoker.java:824)
at org.testng.internal.TestInvoker.invokeTestMethods(TestInvoker.java:146)
at org.testng.internal.TestMethodWorker.invokeTestMethods(TestMethodWorker.java:146)
at org.testng.internal.TestMethodWorker.run(TestMethodWorker.java:128)
at java.base/java.util.ArrayList.forEach(ArrayList.java:1596)
at org.testng.TestRunner.privateRun(TestRunner.java:794)
at org.testng.TestRunner.run(TestRunner.java:596)
at org.testng.SuiteRunner.runTest(SuiteRunner.java:377)
at org.testng.SuiteRunner.runSequentially(SuiteRunner.java:371)
at org.testng.SuiteRunner.privateRun(SuiteRunner.java:332)
at org.testng.SuiteRunner.run(SuiteRunner.java:276)
at org.testng.SuiteRunnerWorker.runSuite(SuiteRunnerWorker.java:53)
at org.testng.SuiteRunnerWorker.run(SuiteRunnerWorker.java:96)
at org.testng.TestNG.runSuitesSequentially(TestNG.java:1212)
at org.testng.TestNG.runSuitesLocally(TestNG.java:1134)
at org.testng.TestNG.runSuites(TestNG.java:1063)
at org.testng.TestNG.run(TestNG.java:1031)
at org.testng.remote.AbstractRemoteTestNG.run(AbstractRemoteTestNG.java:115)
at org.testng.remote.RemoteTestNG.initAndRun(RemoteTestNG.java:251)
at org.testng.remote.RemoteTestNG.main(RemoteTestNG.java:77)
]]>
            </full-stacktrace>
          </exception> <!-- org.openqa.selenium.NoSuchElementException -->
          <reporter-output>
          </reporter-output>
        </test-method> <!-- Add_Button_Validation -->
        <test-method signature="Addon_Price_Validation()[pri:19, instance:testCases.TS_06_AddOnPage@4f18837a]" started-at="2025-07-29T22:29:12 IST" name="Addon_Price_Validation" finished-at="2025-07-29T22:29:12 IST" duration-ms="4" status="FAIL">
          <exception class="java.lang.NullPointerException">
            <message>
              <![CDATA[Cannot invoke "pageObjects.AddOnPage.AddOnValidation()" because "this.ap" is null]]>
            </message>
            <full-stacktrace>
              <![CDATA[java.lang.NullPointerException: Cannot invoke "pageObjects.AddOnPage.AddOnValidation()" because "this.ap" is null
at testCases.TS_06_AddOnPage.Addon_Price_Validation(TS_06_AddOnPage.java:21)
at java.base/jdk.internal.reflect.DirectMethodHandleAccessor.invoke(DirectMethodHandleAccessor.java:103)
at java.base/java.lang.reflect.Method.invoke(Method.java:580)
at org.testng.internal.MethodInvocationHelper.invokeMethod(MethodInvocationHelper.java:133)
at org.testng.internal.TestInvoker.invokeMethod(TestInvoker.java:598)
at org.testng.internal.TestInvoker.invokeTestMethod(TestInvoker.java:173)
at org.testng.internal.MethodRunner.runInSequence(MethodRunner.java:46)
at org.testng.internal.TestInvoker$MethodInvocationAgent.invoke(TestInvoker.java:824)
at org.testng.internal.TestInvoker.invokeTestMethods(TestInvoker.java:146)
at org.testng.internal.TestMethodWorker.invokeTestMethods(TestMethodWorker.java:146)
at org.testng.internal.TestMethodWorker.run(TestMethodWorker.java:128)
at java.base/java.util.ArrayList.forEach(ArrayList.java:1596)
at org.testng.TestRunner.privateRun(TestRunner.java:794)
at org.testng.TestRunner.run(TestRunner.java:596)
at org.testng.SuiteRunner.runTest(SuiteRunner.java:377)
at org.testng.SuiteRunner.runSequentially(SuiteRunner.java:371)
at org.testng.SuiteRunner.privateRun(SuiteRunner.java:332)
at org.testng.SuiteRunner.run(SuiteRunner.java:276)
at org.testng.SuiteRunnerWorker.runSuite(SuiteRunnerWorker.java:53)
at org.testng.SuiteRunnerWorker.run(SuiteRunnerWorker.java:96)
at org.testng.TestNG.runSuitesSequentially(TestNG.java:1212)
at org.testng.TestNG.runSuitesLocally(TestNG.java:1134)
at org.testng.TestNG.runSuites(TestNG.java:1063)
at org.testng.TestNG.run(TestNG.java:1031)
at org.testng.remote.AbstractRemoteTestNG.run(AbstractRemoteTestNG.java:115)
at org.testng.remote.RemoteTestNG.initAndRun(RemoteTestNG.java:251)
at org.testng.remote.RemoteTestNG.main(RemoteTestNG.java:77)
]]>
            </full-stacktrace>
          </exception> <!-- java.lang.NullPointerException -->
          <reporter-output>
          </reporter-output>
        </test-method> <!-- Addon_Price_Validation -->
        <test-method signature="Total_Price_Validation()[pri:20, instance:testCases.TS_06_AddOnPage@4f18837a]" started-at="2025-07-29T22:29:12 IST" name="Total_Price_Validation" finished-at="2025-07-29T22:29:12 IST" duration-ms="2" status="FAIL">
          <exception class="java.lang.NullPointerException">
            <message>
              <![CDATA[Cannot invoke "pageObjects.AddOnPage.totalValidation()" because "this.ap" is null]]>
            </message>
            <full-stacktrace>
              <![CDATA[java.lang.NullPointerException: Cannot invoke "pageObjects.AddOnPage.totalValidation()" because "this.ap" is null
at testCases.TS_06_AddOnPage.Total_Price_Validation(TS_06_AddOnPage.java:27)
at java.base/jdk.internal.reflect.DirectMethodHandleAccessor.invoke(DirectMethodHandleAccessor.java:103)
at java.base/java.lang.reflect.Method.invoke(Method.java:580)
at org.testng.internal.MethodInvocationHelper.invokeMethod(MethodInvocationHelper.java:133)
at org.testng.internal.TestInvoker.invokeMethod(TestInvoker.java:598)
at org.testng.internal.TestInvoker.invokeTestMethod(TestInvoker.java:173)
at org.testng.internal.MethodRunner.runInSequence(MethodRunner.java:46)
at org.testng.internal.TestInvoker$MethodInvocationAgent.invoke(TestInvoker.java:824)
at org.testng.internal.TestInvoker.invokeTestMethods(TestInvoker.java:146)
at org.testng.internal.TestMethodWorker.invokeTestMethods(TestMethodWorker.java:146)
at org.testng.internal.TestMethodWorker.run(TestMethodWorker.java:128)
at java.base/java.util.ArrayList.forEach(ArrayList.java:1596)
at org.testng.TestRunner.privateRun(TestRunner.java:794)
at org.testng.TestRunner.run(TestRunner.java:596)
at org.testng.SuiteRunner.runTest(SuiteRunner.java:377)
at org.testng.SuiteRunner.runSequentially(SuiteRunner.java:371)
at org.testng.SuiteRunner.privateRun(SuiteRunner.java:332)
at org.testng.SuiteRunner.run(SuiteRunner.java:276)
at org.testng.SuiteRunnerWorker.runSuite(SuiteRunnerWorker.java:53)
at org.testng.SuiteRunnerWorker.run(SuiteRunnerWorker.java:96)
at org.testng.TestNG.runSuitesSequentially(TestNG.java:1212)
at org.testng.TestNG.runSuitesLocally(TestNG.java:1134)
at org.testng.TestNG.runSuites(TestNG.java:1063)
at org.testng.TestNG.run(TestNG.java:1031)
at org.testng.remote.AbstractRemoteTestNG.run(AbstractRemoteTestNG.java:115)
at org.testng.remote.RemoteTestNG.initAndRun(RemoteTestNG.java:251)
at org.testng.remote.RemoteTestNG.main(RemoteTestNG.java:77)
]]>
            </full-stacktrace>
          </exception> <!-- java.lang.NullPointerException -->
          <reporter-output>
          </reporter-output>
        </test-method> <!-- Total_Price_Validation -->
        <test-method signature="Conitune_Button_Validation()[pri:21, instance:testCases.TS_06_AddOnPage@4f18837a]" started-at="2025-07-29T22:29:12 IST" name="Conitune_Button_Validation" finished-at="2025-07-29T22:29:12 IST" duration-ms="1" status="FAIL">
          <exception class="java.lang.NullPointerException">
            <message>
              <![CDATA[Cannot invoke "pageObjects.AddOnPage.btn_continue()" because "this.ap" is null]]>
            </message>
            <full-stacktrace>
              <![CDATA[java.lang.NullPointerException: Cannot invoke "pageObjects.AddOnPage.btn_continue()" because "this.ap" is null
at testCases.TS_06_AddOnPage.Conitune_Button_Validation(TS_06_AddOnPage.java:33)
at java.base/jdk.internal.reflect.DirectMethodHandleAccessor.invoke(DirectMethodHandleAccessor.java:103)
at java.base/java.lang.reflect.Method.invoke(Method.java:580)
at org.testng.internal.MethodInvocationHelper.invokeMethod(MethodInvocationHelper.java:133)
at org.testng.internal.TestInvoker.invokeMethod(TestInvoker.java:598)
at org.testng.internal.TestInvoker.invokeTestMethod(TestInvoker.java:173)
at org.testng.internal.MethodRunner.runInSequence(MethodRunner.java:46)
at org.testng.internal.TestInvoker$MethodInvocationAgent.invoke(TestInvoker.java:824)
at org.testng.internal.TestInvoker.invokeTestMethods(TestInvoker.java:146)
at org.testng.internal.TestMethodWorker.invokeTestMethods(TestMethodWorker.java:146)
at org.testng.internal.TestMethodWorker.run(TestMethodWorker.java:128)
at java.base/java.util.ArrayList.forEach(ArrayList.java:1596)
at org.testng.TestRunner.privateRun(TestRunner.java:794)
at org.testng.TestRunner.run(TestRunner.java:596)
at org.testng.SuiteRunner.runTest(SuiteRunner.java:377)
at org.testng.SuiteRunner.runSequentially(SuiteRunner.java:371)
at org.testng.SuiteRunner.privateRun(SuiteRunner.java:332)
at org.testng.SuiteRunner.run(SuiteRunner.java:276)
at org.testng.SuiteRunnerWorker.runSuite(SuiteRunnerWorker.java:53)
at org.testng.SuiteRunnerWorker.run(SuiteRunnerWorker.java:96)
at org.testng.TestNG.runSuitesSequentially(TestNG.java:1212)
at org.testng.TestNG.runSuitesLocally(TestNG.java:1134)
at org.testng.TestNG.runSuites(TestNG.java:1063)
at org.testng.TestNG.run(TestNG.java:1031)
at org.testng.remote.AbstractRemoteTestNG.run(AbstractRemoteTestNG.java:115)
at org.testng.remote.RemoteTestNG.initAndRun(RemoteTestNG.java:251)
at org.testng.remote.RemoteTestNG.main(RemoteTestNG.java:77)
]]>
            </full-stacktrace>
          </exception> <!-- java.lang.NullPointerException -->
          <reporter-output>
          </reporter-output>
        </test-method> <!-- Conitune_Button_Validation -->
        <test-method signature="Cart_Updation_Validation()[pri:22, instance:testCases.TS_06_AddOnPage@4f18837a]" started-at="2025-07-29T22:29:12 IST" name="Cart_Updation_Validation" finished-at="2025-07-29T22:29:12 IST" duration-ms="1" status="FAIL">
          <exception class="java.lang.NullPointerException">
            <message>
              <![CDATA[Cannot invoke "pageObjects.AddOnPage.updateingCart()" because "this.ap" is null]]>
            </message>
            <full-stacktrace>
              <![CDATA[java.lang.NullPointerException: Cannot invoke "pageObjects.AddOnPage.updateingCart()" because "this.ap" is null
at testCases.TS_06_AddOnPage.Cart_Updation_Validation(TS_06_AddOnPage.java:39)
at java.base/jdk.internal.reflect.DirectMethodHandleAccessor.invoke(DirectMethodHandleAccessor.java:103)
at java.base/java.lang.reflect.Method.invoke(Method.java:580)
at org.testng.internal.MethodInvocationHelper.invokeMethod(MethodInvocationHelper.java:133)
at org.testng.internal.TestInvoker.invokeMethod(TestInvoker.java:598)
at org.testng.internal.TestInvoker.invokeTestMethod(TestInvoker.java:173)
at org.testng.internal.MethodRunner.runInSequence(MethodRunner.java:46)
at org.testng.internal.TestInvoker$MethodInvocationAgent.invoke(TestInvoker.java:824)
at org.testng.internal.TestInvoker.invokeTestMethods(TestInvoker.java:146)
at org.testng.internal.TestMethodWorker.invokeTestMethods(TestMethodWorker.java:146)
at org.testng.internal.TestMethodWorker.run(TestMethodWorker.java:128)
at java.base/java.util.ArrayList.forEach(ArrayList.java:1596)
at org.testng.TestRunner.privateRun(TestRunner.java:794)
at org.testng.TestRunner.run(TestRunner.java:596)
at org.testng.SuiteRunner.runTest(SuiteRunner.java:377)
at org.testng.SuiteRunner.runSequentially(SuiteRunner.java:371)
at org.testng.SuiteRunner.privateRun(SuiteRunner.java:332)
at org.testng.SuiteRunner.run(SuiteRunner.java:276)
at org.testng.SuiteRunnerWorker.runSuite(SuiteRunnerWorker.java:53)
at org.testng.SuiteRunnerWorker.run(SuiteRunnerWorker.java:96)
at org.testng.TestNG.runSuitesSequentially(TestNG.java:1212)
at org.testng.TestNG.runSuitesLocally(TestNG.java:1134)
at org.testng.TestNG.runSuites(TestNG.java:1063)
at org.testng.TestNG.run(TestNG.java:1031)
at org.testng.remote.AbstractRemoteTestNG.run(AbstractRemoteTestNG.java:115)
at org.testng.remote.RemoteTestNG.initAndRun(RemoteTestNG.java:251)
at org.testng.remote.RemoteTestNG.main(RemoteTestNG.java:77)
]]>
            </full-stacktrace>
          </exception> <!-- java.lang.NullPointerException -->
          <reporter-output>
          </reporter-output>
        </test-method> <!-- Cart_Updation_Validation -->
      </class> <!-- testCases.TS_06_AddOnPage -->
      <class name="testCases.TS_02_SearchPage">
        <test-method signature="searching()[pri:5, instance:testCases.TS_02_SearchPage@2e005c4b]" started-at="2025-07-29T22:28:29 IST" name="searching" finished-at="2025-07-29T22:28:34 IST" duration-ms="4793" status="PASS">
          <reporter-output>
          </reporter-output>
        </test-method> <!-- searching -->
      </class> <!-- testCases.TS_02_SearchPage -->
      <class name="testCases.TS_01_HomePage">
        <test-method is-config="true" signature="driverSet()[pri:0, instance:testCases.TS_01_HomePage@74e52303]" started-at="2025-07-29T22:23:53 IST" name="driverSet" finished-at="2025-07-29T22:24:58 IST" duration-ms="64124" status="PASS">
          <reporter-output>
          </reporter-output>
        </test-method> <!-- driverSet -->
        <test-method signature="popup()[pri:1, instance:testCases.TS_01_HomePage@74e52303]" started-at="2025-07-29T22:24:58 IST" name="popup" finished-at="2025-07-29T22:24:58 IST" duration-ms="455" status="PASS">
          <reporter-output>
          </reporter-output>
        </test-method> <!-- popup -->
        <test-method signature="titleValidation()[pri:2, instance:testCases.TS_01_HomePage@74e52303]" started-at="2025-07-29T22:24:59 IST" name="titleValidation" finished-at="2025-07-29T22:24:59 IST" duration-ms="24" status="PASS">
          <reporter-output>
          </reporter-output>
        </test-method> <!-- titleValidation -->
        <test-method signature="verifyPageLoadsSuccessfully()[pri:3, instance:testCases.TS_01_HomePage@74e52303]" started-at="2025-07-29T22:25:00 IST" name="verifyPageLoadsSuccessfully" finished-at="2025-07-29T22:25:00 IST" duration-ms="177" status="PASS">
          <reporter-output>
          </reporter-output>
        </test-method> <!-- verifyPageLoadsSuccessfully -->
        <test-method signature="MenuVAlidation()[pri:4, instance:testCases.TS_01_HomePage@74e52303]" started-at="2025-07-29T22:25:01 IST" name="MenuVAlidation" finished-at="2025-07-29T22:28:28 IST" duration-ms="207359" status="PASS">
          <reporter-output>
          </reporter-output>
        </test-method> <!-- MenuVAlidation -->
        <test-method is-config="true" signature="teardown()[pri:0, instance:testCases.TS_01_HomePage@74e52303]" started-at="2025-07-29T22:29:12 IST" name="teardown" finished-at="2025-07-29T22:29:14 IST" duration-ms="1623" status="PASS">
          <reporter-output>
          </reporter-output>
        </test-method> <!-- teardown -->
      </class> <!-- testCases.TS_01_HomePage -->
      <class name="testCases.TS_04_ProductSelectionPage">
        <test-method signature="Selection_of_Product()[pri:9, instance:testCases.TS_04_ProductSelectionPage@5ffead27]" started-at="2025-07-29T22:28:46 IST" name="Selection_of_Product" finished-at="2025-07-29T22:28:52 IST" duration-ms="5597" status="PASS">
          <reporter-output>
          </reporter-output>
        </test-method> <!-- Selection_of_Product -->
      </class> <!-- testCases.TS_04_ProductSelectionPage -->
    </test> <!-- Test -->
  </suite> <!-- Suite -->
</testng-results>
