<?xml version="1.0" encoding="UTF-8"?>
<!-- Generated by org.testng.reporters.JUnitXMLReporter -->
<testsuite ignored="10" hostname="HP_Pavilion" failures="5" tests="21" name="Test" time="321.111" errors="0" timestamp="2025-07-29T22:29:14 IST">
  <testcase classname="testCases.TS_01_HomePage" name="popup" time="0.455"/>
  <testcase classname="testCases.TS_01_HomePage" name="titleValidation" time="0.024"/>
  <testcase classname="testCases.TS_01_HomePage" name="verifyPageLoadsSuccessfully" time="0.177"/>
  <testcase classname="testCases.TS_01_HomePage" name="MenuVAlidation" time="207.359"/>
  <testcase classname="testCases.TS_02_SearchPage" name="searching" time="4.793"/>
  <testcase classname="testCases.TS_03_Sorting" name="apply_filters" time="8.616"/>
  <testcase classname="testCases.TS_03_Sorting" name="isSorted" time="1.643"/>
  <testcase classname="testCases.TS_04_ProductSelectionPage" name="Selection_of_Product" time="5.597"/>
  <testcase classname="testCases.TS_05_AddToCartPage" name="Product_Name_Validation" time="0.337"/>
  <testcase classname="testCases.TS_05_AddToCartPage" name="Product_PRICE_Validation" time="0.047"/>
  <testcase classname="testCases.TS_05_AddToCartPage" name="Pincode_Selection" time="0.468"/>
  <testcase classname="testCases.TS_05_AddToCartPage" name="Date_Selection" time="3.318"/>
  <testcase classname="testCases.TS_05_AddToCartPage" name="time_Selection" time="0.268"/>
  <testcase classname="testCases.TS_05_AddToCartPage" name="PersonalizedText_Selection" time="0.27"/>
  <testcase classname="testCases.TS_05_AddToCartPage" name="imageValidation" time="0.173"/>
  <testcase classname="testCases.TS_05_AddToCartPage" name="AddToCartSeection" time="0.545"/>
  <testcase classname="testCases.TS_06_AddOnPage" name="Add_Button_Validation" time="10.144">
    <failure type="org.openqa.selenium.NoSuchElementException" message="no such element: Unable to locate element: {&amp;quot;method&amp;quot;:&amp;quot;xpath&amp;quot;,&amp;quot;selector&amp;quot;:&amp;quot;//div[@class=&amp;apos;pt-8 sm:p-12&amp;apos;]//div[normalize-space()=&amp;apos;Ethereal Ram Darbar Rakhi &amp;amp; Bracelet Combo&amp;apos;]&amp;quot;}
  (Session info: chrome=138.0.7204.169)
For documentation on this error, please visit: https://www.selenium.dev/documentation/webdriver/troubleshooting/errors#no-such-element-exception
Build info: version: &amp;apos;4.15.0&amp;apos;, revision: &amp;apos;1d14b5521b&amp;apos;
System info: os.name: &amp;apos;Windows 11&amp;apos;, os.arch: &amp;apos;amd64&amp;apos;, os.version: &amp;apos;10.0&amp;apos;, java.version: &amp;apos;21.0.7&amp;apos;
Driver info: org.openqa.selenium.chrome.ChromeDriver
Command: [39d3f9b6b019fc393b394994052613f9, findElement {using=xpath, value=//div[@class=&amp;apos;pt-8 sm:p-12&amp;apos;]//div[normalize-space()=&amp;apos;Ethereal Ram Darbar Rakhi &amp;amp; Bracelet Combo&amp;apos;]}]
Capabilities {acceptInsecureCerts: false, browserName: chrome, browserVersion: 138.0.7204.169, chrome: {chromedriverVersion: 138.0.7204.168 (3e8d82e86e9..., userDataDir: C:\Users\anike\AppData\Loca...}, fedcm:accounts: true, goog:chromeOptions: {debuggerAddress: localhost:56208}, networkConnectionEnabled: false, pageLoadStrategy: normal, platformName: windows, proxy: Proxy(), se:cdp: ws://localhost:56208/devtoo..., se:cdpVersion: 138.0.7204.169, setWindowRect: true, strictFileInteractability: false, timeouts: {implicit: 0, pageLoad: 300000, script: 30000}, unhandledPromptBehavior: dismiss and notify, webauthn:extension:credBlob: true, webauthn:extension:largeBlob: true, webauthn:extension:minPinLength: true, webauthn:extension:prf: true, webauthn:virtualAuthenticators: true}
Session ID: 39d3f9b6b019fc393b394994052613f9">
      <![CDATA[org.openqa.selenium.NoSuchElementException: no such element: Unable to locate element: {"method":"xpath","selector":"//div[@class='pt-8 sm:p-12']//div[normalize-space()='Ethereal Ram Darbar Rakhi & Bracelet Combo']"}
  (Session info: chrome=138.0.7204.169)
For documentation on this error, please visit: https://www.selenium.dev/documentation/webdriver/troubleshooting/errors#no-such-element-exception
Build info: version: '4.15.0', revision: '1d14b5521b'
System info: os.name: 'Windows 11', os.arch: 'amd64', os.version: '10.0', java.version: '21.0.7'
Driver info: org.openqa.selenium.chrome.ChromeDriver
Command: [39d3f9b6b019fc393b394994052613f9, findElement {using=xpath, value=//div[@class='pt-8 sm:p-12']//div[normalize-space()='Ethereal Ram Darbar Rakhi & Bracelet Combo']}]
Capabilities {acceptInsecureCerts: false, browserName: chrome, browserVersion: 138.0.7204.169, chrome: {chromedriverVersion: 138.0.7204.168 (3e8d82e86e9..., userDataDir: C:\Users\anike\AppData\Loca...}, fedcm:accounts: true, goog:chromeOptions: {debuggerAddress: localhost:56208}, networkConnectionEnabled: false, pageLoadStrategy: normal, platformName: windows, proxy: Proxy(), se:cdp: ws://localhost:56208/devtoo..., se:cdpVersion: 138.0.7204.169, setWindowRect: true, strictFileInteractability: false, timeouts: {implicit: 0, pageLoad: 300000, script: 30000}, unhandledPromptBehavior: dismiss and notify, webauthn:extension:credBlob: true, webauthn:extension:largeBlob: true, webauthn:extension:minPinLength: true, webauthn:extension:prf: true, webauthn:virtualAuthenticators: true}
Session ID: 39d3f9b6b019fc393b394994052613f9
at org.openqa.selenium.remote.codec.w3c.W3CHttpResponseCodec.createException(W3CHttpResponseCodec.java:200)
at org.openqa.selenium.remote.codec.w3c.W3CHttpResponseCodec.decode(W3CHttpResponseCodec.java:133)
at org.openqa.selenium.remote.codec.w3c.W3CHttpResponseCodec.decode(W3CHttpResponseCodec.java:52)
at org.openqa.selenium.remote.HttpCommandExecutor.execute(HttpCommandExecutor.java:191)
at org.openqa.selenium.remote.service.DriverCommandExecutor.invokeExecute(DriverCommandExecutor.java:200)
at org.openqa.selenium.remote.service.DriverCommandExecutor.execute(DriverCommandExecutor.java:175)
at org.openqa.selenium.remote.RemoteWebDriver.execute(RemoteWebDriver.java:607)
at org.openqa.selenium.remote.ElementLocation$ElementFinder$2.findElement(ElementLocation.java:165)
at org.openqa.selenium.remote.ElementLocation.findElement(ElementLocation.java:59)
at org.openqa.selenium.remote.RemoteWebDriver.findElement(RemoteWebDriver.java:364)
at org.openqa.selenium.remote.RemoteWebDriver.findElement(RemoteWebDriver.java:358)
at org.openqa.selenium.support.pagefactory.DefaultElementLocator.findElement(DefaultElementLocator.java:68)
at org.openqa.selenium.support.pagefactory.internal.LocatingElementHandler.invoke(LocatingElementHandler.java:38)
at jdk.proxy2/jdk.proxy2.$Proxy14.getText(Unknown Source)
at pageObjects.ProductSelection.<init>(ProductSelection.java:25)
at pageObjects.AddToCartPage.<init>(AddToCartPage.java:15)
at pageObjects.AddOnPage.<init>(AddOnPage.java:15)
at testCases.TS_06_AddOnPage.Add_Button_Validation(TS_06_AddOnPage.java:14)
at java.base/java.util.ArrayList.forEach(ArrayList.java:1596)
... Removed 28 stack frames]]>
    </failure>
  </testcase> <!-- Add_Button_Validation -->
  <testcase classname="testCases.TS_06_AddOnPage" name="Addon_Price_Validation" time="0.004">
    <failure type="java.lang.NullPointerException" message="Cannot invoke &amp;quot;pageObjects.AddOnPage.AddOnValidation()&amp;quot; because &amp;quot;this.ap&amp;quot; is null">
      <![CDATA[java.lang.NullPointerException: Cannot invoke "pageObjects.AddOnPage.AddOnValidation()" because "this.ap" is null
at testCases.TS_06_AddOnPage.Addon_Price_Validation(TS_06_AddOnPage.java:21)
at java.base/java.util.ArrayList.forEach(ArrayList.java:1596)
... Removed 25 stack frames]]>
    </failure>
  </testcase> <!-- Addon_Price_Validation -->
  <testcase classname="testCases.TS_06_AddOnPage" name="Total_Price_Validation" time="0.002">
    <failure type="java.lang.NullPointerException" message="Cannot invoke &amp;quot;pageObjects.AddOnPage.totalValidation()&amp;quot; because &amp;quot;this.ap&amp;quot; is null">
      <![CDATA[java.lang.NullPointerException: Cannot invoke "pageObjects.AddOnPage.totalValidation()" because "this.ap" is null
at testCases.TS_06_AddOnPage.Total_Price_Validation(TS_06_AddOnPage.java:27)
at java.base/java.util.ArrayList.forEach(ArrayList.java:1596)
... Removed 25 stack frames]]>
    </failure>
  </testcase> <!-- Total_Price_Validation -->
  <testcase classname="testCases.TS_06_AddOnPage" name="Conitune_Button_Validation" time="0.001">
    <failure type="java.lang.NullPointerException" message="Cannot invoke &amp;quot;pageObjects.AddOnPage.btn_continue()&amp;quot; because &amp;quot;this.ap&amp;quot; is null">
      <![CDATA[java.lang.NullPointerException: Cannot invoke "pageObjects.AddOnPage.btn_continue()" because "this.ap" is null
at testCases.TS_06_AddOnPage.Conitune_Button_Validation(TS_06_AddOnPage.java:33)
at java.base/java.util.ArrayList.forEach(ArrayList.java:1596)
... Removed 25 stack frames]]>
    </failure>
  </testcase> <!-- Conitune_Button_Validation -->
  <testcase classname="testCases.TS_06_AddOnPage" name="Cart_Updation_Validation" time="0.001">
    <failure type="java.lang.NullPointerException" message="Cannot invoke &amp;quot;pageObjects.AddOnPage.updateingCart()&amp;quot; because &amp;quot;this.ap&amp;quot; is null">
      <![CDATA[java.lang.NullPointerException: Cannot invoke "pageObjects.AddOnPage.updateingCart()" because "this.ap" is null
at testCases.TS_06_AddOnPage.Cart_Updation_Validation(TS_06_AddOnPage.java:39)
at java.base/java.util.ArrayList.forEach(ArrayList.java:1596)
... Removed 25 stack frames]]>
    </failure>
  </testcase> <!-- Cart_Updation_Validation -->
  <testcase classname="testBase.BaseClass" name="@AfterTest teardown" time="0.0">
    <ignored/>
  </testcase> <!-- @AfterTest teardown -->
  <testcase classname="testBase.BaseClass" name="@AfterTest teardown" time="0.0">
    <ignored/>
  </testcase> <!-- @AfterTest teardown -->
  <testcase classname="testBase.BaseClass" name="@AfterTest teardown" time="0.0">
    <ignored/>
  </testcase> <!-- @AfterTest teardown -->
  <testcase classname="testBase.BaseClass" name="@AfterTest teardown" time="0.0">
    <ignored/>
  </testcase> <!-- @AfterTest teardown -->
  <testcase classname="testBase.BaseClass" name="@AfterTest teardown" time="0.0">
    <ignored/>
  </testcase> <!-- @AfterTest teardown -->
  <testcase classname="testBase.BaseClass" name="@BeforeTest driverSet" time="0.0">
    <ignored/>
  </testcase> <!-- @BeforeTest driverSet -->
  <testcase classname="testBase.BaseClass" name="@BeforeTest driverSet" time="0.0">
    <ignored/>
  </testcase> <!-- @BeforeTest driverSet -->
  <testcase classname="testBase.BaseClass" name="@BeforeTest driverSet" time="0.0">
    <ignored/>
  </testcase> <!-- @BeforeTest driverSet -->
  <testcase classname="testBase.BaseClass" name="@BeforeTest driverSet" time="0.0">
    <ignored/>
  </testcase> <!-- @BeforeTest driverSet -->
  <testcase classname="testBase.BaseClass" name="@BeforeTest driverSet" time="0.0">
    <ignored/>
  </testcase> <!-- @BeforeTest driverSet -->
</testsuite> <!-- Test -->
